<?xml version="1.0" encoding="UTF-8"?>
<robot generator="Robot 7.4.2 (Python 3.12.8 on win32)" generated="2026-03-17T17:15:56.422677" rpa="false" schemaversion="5">
<suite id="s1" name="Hang Robot Test" source="C:\Users\Public\hằng\hang_robot_test">
<suite id="s1-s1" name="TestCase" source="C:\Users\Public\hằng\hang_robot_test\TestCase">
<suite id="s1-s1-s1" name="Test Ybt Example" source="C:\Users\Public\hằng\hang_robot_test\TestCase\test_ybt_example">
<suite id="s1-s1-s1-s1" name="Header" source="C:\Users\Public\hằng\hang_robot_test\TestCase\test_ybt_example\header">
<suite id="s1-s1-s1-s1-s1" name="HeaderTest" source="C:\Users\Public\hằng\hang_robot_test\TestCase\test_ybt_example\header\HeaderTest.robot">
<test id="s1-s1-s1-s1-s1-t1" name="TestClickTooltip" line="43">
<kw name="Open Web" owner="Common">
<kw name="Open Browser" owner="SeleniumLibrary">
<msg time="2026-03-17T17:15:56.676996" level="INFO">Opening browser 'chrome' to base url 'https://www.youtube.com/'.</msg>
<arg>${URL}</arg>
<arg>chrome</arg>
<doc>Opens a new browser instance to the optional ``url``.</doc>
<status status="PASS" start="2026-03-17T17:15:56.676996" elapsed="7.247035"/>
</kw>
<doc>Open 1 web với địa chỉ cụ thể trên trình duyệt example: open browser Chrome, truy cập tới trang google.com</doc>
<status status="PASS" start="2026-03-17T17:15:56.676996" elapsed="7.250751"/>
</kw>
<kw name="Click Element" owner="SeleniumLibrary">
<msg time="2026-03-17T17:16:03.930022" level="INFO">Clicking element 'css:button[id="button"][aria-label="Settings"]'.</msg>
<arg>${TOOL_BUTTON}</arg>
<doc>Click the element identified by ``locator``.</doc>
<status status="PASS" start="2026-03-17T17:16:03.928751" elapsed="0.151066"/>
</kw>
<kw name="Wait Until Element Is Visible" owner="SeleniumLibrary">
<arg>${SETTINGS_MENU}</arg>
<arg>5s</arg>
<doc>Waits until the element ``locator`` is visible.</doc>
<status status="PASS" start="2026-03-17T17:16:04.080812" elapsed="0.035724"/>
</kw>
<kw name="Element Should Be Visible" owner="SeleniumLibrary">
<msg time="2026-03-17T17:16:04.128099" level="INFO">Element 'css:tp-yt-iron-dropdown' is displayed.</msg>
<arg>${SETTINGS_MENU}</arg>
<doc>Verifies that the element identified by ``locator`` is visible.</doc>
<status status="PASS" start="2026-03-17T17:16:04.117581" elapsed="0.010518"/>
</kw>
<doc>Test click tooltip</doc>
<status status="PASS" start="2026-03-17T17:15:56.676996" elapsed="7.452102"/>
</test>
<status status="PASS" start="2026-03-17T17:15:56.470342" elapsed="7.660019"/>
</suite>
<status status="PASS" start="2026-03-17T17:15:56.470342" elapsed="7.661148"/>
</suite>
<status status="PASS" start="2026-03-17T17:15:56.470342" elapsed="7.662150"/>
</suite>
<status status="PASS" start="2026-03-17T17:15:56.470342" elapsed="7.663149"/>
</suite>
<status status="PASS" start="2026-03-17T17:15:56.422677" elapsed="7.712223"/>
</suite>
<statistics>
<total>
<stat pass="1" fail="0" skip="0">All Tests</stat>
</total>
<tag>
</tag>
<suite>
<stat name="Hang Robot Test" id="s1" pass="1" fail="0" skip="0">Hang Robot Test</stat>
<stat name="TestCase" id="s1-s1" pass="1" fail="0" skip="0">Hang Robot Test.TestCase</stat>
<stat name="Test Ybt Example" id="s1-s1-s1" pass="1" fail="0" skip="0">Hang Robot Test.TestCase.Test Ybt Example</stat>
<stat name="Header" id="s1-s1-s1-s1" pass="1" fail="0" skip="0">Hang Robot Test.TestCase.Test Ybt Example.Header</stat>
<stat name="HeaderTest" id="s1-s1-s1-s1-s1" pass="1" fail="0" skip="0">Hang Robot Test.TestCase.Test Ybt Example.Header.HeaderTest</stat>
</suite>
</statistics>
<errors>
</errors>
</robot>
